<?xml version="1.0" encoding="UTF-8"?>
<!-- Generated by org.testng.reporters.JUnitReportReporter -->
<testsuite skipped="1" hostname="LAPTOP-6Q5KS8MJ" name="com.beepermd.pages.BeeperMDAppointment2" tests="1" failures="0" timestamp="2021-04-21T21:39:00 IST" time="0.000" errors="0">
  <testcase name="scheduleYourTest" time="0.000" classname="com.beepermd.pages.BeeperMDAppointment2">
    <skipped/>
  </testcase> <!-- scheduleYourTest -->
</testsuite> <!-- com.beepermd.pages.BeeperMDAppointment2 -->
