<?xml version="1.0" encoding="UTF-8"?>
<!-- Generated by org.testng.reporters.JUnitReportReporter -->
<testsuite skipped="0" hostname="LAPTOP-6Q5KS8MJ" name="com.beepermd.test.DemoTest" tests="1" failures="0" timestamp="2021-04-21T23:13:39 IST" time="3.483" errors="1">
  <testcase name="VerifyCovideSignup2" time="3.483" classname="com.beepermd.test.DemoTest">
    <error type="org.testng.internal.reflect.MethodMatcherException" message="
[public void com.beepermd.test.DemoTest.VerifyCovideSignup2(java.lang.String,java.lang.String) throws java.lang.Exception] has no parameters defined but was found to be using a data provider (either explicitly specified or inherited from class level annotation).
Data provider mismatch
Method: VerifyCovideSignup2([Parameter{index=0, type=java.lang.String, declaredAnnotations=[]}, Parameter{index=1, type=java.lang.String, declaredAnnotations=[]}])
Arguments: [(java.lang.String) automation,(java.lang.String) 04/21/2021,(java.lang.String) 8:20 AM,(java.lang.String) Monthly,(java.lang.String) test1299@mailinator.com,(java.lang.String) Boca,(java.lang.String) Alaska,(java.lang.String) 160065,(java.lang.String) yes,(java.lang.String) test,(java.lang.String) user,(java.lang.String) Male,(java.lang.String) 06/10/1990,(java.lang.String) 5656565666,(java.lang.String) testnew1299@mailinator.com,(java.lang.String) yes,(java.lang.String) Covid-19 PCR Screening, Rapid Antigen Test, Rapid Antibody Test,(java.lang.String) Appoint booked successfully]">
      <![CDATA[org.testng.internal.reflect.MethodMatcherException: 
[public void com.beepermd.test.DemoTest.VerifyCovideSignup2(java.lang.String,java.lang.String) throws java.lang.Exception] has no parameters defined but was found to be using a data provider (either explicitly specified or inherited from class level annotation).
Data provider mismatch
Method: VerifyCovideSignup2([Parameter{index=0, type=java.lang.String, declaredAnnotations=[]}, Parameter{index=1, type=java.lang.String, declaredAnnotations=[]}])
Arguments: [(java.lang.String) automation,(java.lang.String) 04/21/2021,(java.lang.String) 8:20 AM,(java.lang.String) Monthly,(java.lang.String) test1299@mailinator.com,(java.lang.String) Boca,(java.lang.String) Alaska,(java.lang.String) 160065,(java.lang.String) yes,(java.lang.String) test,(java.lang.String) user,(java.lang.String) Male,(java.lang.String) 06/10/1990,(java.lang.String) 5656565666,(java.lang.String) testnew1299@mailinator.com,(java.lang.String) yes,(java.lang.String) Covid-19 PCR Screening, Rapid Antigen Test, Rapid Antibody Test,(java.lang.String) Appoint booked successfully]
at org.testng.internal.reflect.DataProviderMethodMatcher.getConformingArguments(DataProviderMethodMatcher.java:43)
at org.testng.internal.Parameters.injectParameters(Parameters.java:925)
at org.testng.internal.MethodRunner.runInSequence(MethodRunner.java:34)
at org.testng.internal.TestInvoker$MethodInvocationAgent.invoke(TestInvoker.java:804)
at org.testng.internal.TestInvoker.invokeTestMethods(TestInvoker.java:145)
at org.testng.internal.TestMethodWorker.invokeTestMethods(TestMethodWorker.java:146)
at org.testng.internal.TestMethodWorker.run(TestMethodWorker.java:128)
at java.util.ArrayList.forEach(ArrayList.java:1257)
at org.testng.TestRunner.privateRun(TestRunner.java:770)
at org.testng.TestRunner.run(TestRunner.java:591)
at org.testng.SuiteRunner.runTest(SuiteRunner.java:402)
at org.testng.SuiteRunner.access$000(SuiteRunner.java:41)
at org.testng.SuiteRunner$SuiteWorker.run(SuiteRunner.java:443)
at org.testng.internal.thread.ThreadUtil.lambda$execute$0(ThreadUtil.java:67)
at java.util.concurrent.FutureTask.run(FutureTask.java:266)
at java.util.concurrent.ThreadPoolExecutor.runWorker(ThreadPoolExecutor.java:1149)
at java.util.concurrent.ThreadPoolExecutor$Worker.run(ThreadPoolExecutor.java:624)
at java.lang.Thread.run(Thread.java:748)
]]>
    </error>
  </testcase> <!-- VerifyCovideSignup2 -->
</testsuite> <!-- com.beepermd.test.DemoTest -->
