<?xml version="1.0" encoding="UTF-8"?>
<!-- Generated by org.testng.reporters.JUnitReportReporter -->
<testsuite skipped="0" hostname="LAPTOP-6Q5KS8MJ" name="com.beepermd.utilities.ExcelDataProvider" tests="24" failures="0" timestamp="2021-04-21T23:22:53 IST" time="0.032" errors="0">
  <testcase name="test1" time="0.008" classname="com.beepermd.utilities.ExcelDataProvider"/>
  <testcase name="test1" time="0.001" classname="com.beepermd.utilities.ExcelDataProvider"/>
  <testcase name="test1" time="0.001" classname="com.beepermd.utilities.ExcelDataProvider"/>
  <testcase name="test1" time="0.001" classname="com.beepermd.utilities.ExcelDataProvider"/>
  <testcase name="test1" time="0.001" classname="com.beepermd.utilities.ExcelDataProvider"/>
  <testcase name="test1" time="0.000" classname="com.beepermd.utilities.ExcelDataProvider"/>
  <testcase name="test1" time="0.001" classname="com.beepermd.utilities.ExcelDataProvider"/>
  <testcase name="test1" time="0.001" classname="com.beepermd.utilities.ExcelDataProvider"/>
  <testcase name="test1" time="0.001" classname="com.beepermd.utilities.ExcelDataProvider"/>
  <testcase name="test1" time="0.001" classname="com.beepermd.utilities.ExcelDataProvider"/>
  <testcase name="test1" time="0.001" classname="com.beepermd.utilities.ExcelDataProvider"/>
  <testcase name="test1" time="0.003" classname="com.beepermd.utilities.ExcelDataProvider"/>
  <testcase name="test1" time="0.002" classname="com.beepermd.utilities.ExcelDataProvider"/>
  <testcase name="test1" time="0.001" classname="com.beepermd.utilities.ExcelDataProvider"/>
  <testcase name="test1" time="0.001" classname="com.beepermd.utilities.ExcelDataProvider"/>
  <testcase name="test1" time="0.001" classname="com.beepermd.utilities.ExcelDataProvider"/>
  <testcase name="test1" time="0.000" classname="com.beepermd.utilities.ExcelDataProvider"/>
  <testcase name="test1" time="0.001" classname="com.beepermd.utilities.ExcelDataProvider"/>
  <testcase name="test1" time="0.001" classname="com.beepermd.utilities.ExcelDataProvider"/>
  <testcase name="test1" time="0.001" classname="com.beepermd.utilities.ExcelDataProvider"/>
  <testcase name="test1" time="0.001" classname="com.beepermd.utilities.ExcelDataProvider"/>
  <testcase name="test1" time="0.001" classname="com.beepermd.utilities.ExcelDataProvider"/>
  <testcase name="test1" time="0.001" classname="com.beepermd.utilities.ExcelDataProvider"/>
  <testcase name="test1" time="0.001" classname="com.beepermd.utilities.ExcelDataProvider"/>
</testsuite> <!-- com.beepermd.utilities.ExcelDataProvider -->
