<?xml version="1.0" encoding="UTF-8"?>
<!-- Generated by org.testng.reporters.JUnitReportReporter -->
<testsuite skipped="0" hostname="LAPTOP-6Q5KS8MJ" name="com.beepermd.pages.BeeperMDAppointment3" tests="4" failures="0" timestamp="2021-05-06T21:45:59 IST" time="152.680" errors="0">
  <testcase name="scheduleYourTestNew" time="31.203" classname="com.beepermd.pages.BeeperMDAppointment3"/>
  <testcase name="scheduleYourTestNew" time="49.021" classname="com.beepermd.pages.BeeperMDAppointment3"/>
  <testcase name="scheduleYourTestNew" time="43.903" classname="com.beepermd.pages.BeeperMDAppointment3"/>
  <testcase name="scheduleYourTestNew" time="28.553" classname="com.beepermd.pages.BeeperMDAppointment3"/>
</testsuite> <!-- com.beepermd.pages.BeeperMDAppointment3 -->
