<?xml version="1.0" encoding="UTF-8"?>
<!-- Generated by org.testng.reporters.JUnitReportReporter -->
<testsuite skipped="0" hostname="Bablu" name="com.beepermd.pages.BookAppointments" tests="5" failures="0" timestamp="2021-05-16T22:53:32 IST" time="197.981" errors="0">
  <testcase name="scheduleYourTestNew" time="32.720" classname="com.beepermd.pages.BookAppointments"/>
  <testcase name="scheduleYourTestNew" time="38.726" classname="com.beepermd.pages.BookAppointments"/>
  <testcase name="scheduleYourTestNew" time="32.555" classname="com.beepermd.pages.BookAppointments"/>
  <testcase name="scheduleYourTestNew" time="48.362" classname="com.beepermd.pages.BookAppointments"/>
  <testcase name="scheduleYourTestNew" time="45.618" classname="com.beepermd.pages.BookAppointments"/>
</testsuite> <!-- com.beepermd.pages.BookAppointments -->
