<?xml version="1.0" encoding="UTF-8"?>
<!-- Generated by org.testng.reporters.JUnitReportReporter -->
<testsuite skipped="0" hostname="Bablu" name="com.beepermd.pages.BookAppointments" tests="5" failures="0" timestamp="2021-05-16T23:22:23 IST" time="201.438" errors="0">
  <testcase name="scheduleYourTestNew" time="34.440" classname="com.beepermd.pages.BookAppointments"/>
  <testcase name="scheduleYourTestNew" time="52.276" classname="com.beepermd.pages.BookAppointments"/>
  <testcase name="scheduleYourTestNew" time="32.771" classname="com.beepermd.pages.BookAppointments"/>
  <testcase name="scheduleYourTestNew" time="46.033" classname="com.beepermd.pages.BookAppointments"/>
  <testcase name="scheduleYourTestNew" time="35.918" classname="com.beepermd.pages.BookAppointments"/>
</testsuite> <!-- com.beepermd.pages.BookAppointments -->
